Arguments: 
  /usr/local/bin/node /usr/local/bin/yarn add farmer-motion react-intersection-observer

PATH: 
  /bin:/usr/bin:/usr/local/bin

Yarn version: 
  1.22.19

Node version: 
  20.19.0

Platform: 
  linux x64

Trace: 
  Error: https://registry.yarnpkg.com/farmer-motion: Not found
      at params.callback (/usr/local/lib/node_modules/yarn/dist/yarn.js:56412:18)
      at self.callback (/usr/local/lib/node_modules/yarn/dist/yarn.js:124812:22)
      at Request.emit (node:events:30:11034)
      at Request.eval (/usr/local/lib/node_modules/yarn/dist/yarn.js:125784:10)
      at Request.emit (node:events:30:11034)
      at IncomingMessage.eval (/usr/local/lib/node_modules/yarn/dist/yarn.js:125706:12)
      at Object.onceWrapper (node:events:30:8244)
      at IncomingMessage.emit (node:events:30:11150)
      at endReadableNT (node:internal/streams/readable:230:10631)
      at processTicksAndRejections (node:internal/process/task_queues:196:1067)

npm manifest: 
  {
    "name": "wow-zone-website",
    "private": true,
    "version": "0.0.0",
    "type": "module",
    "scripts": {
      "dev": "vite",
      "build": "tsc && vite build",
      "lint": "eslint .",
      "preview": "vite preview"
    },
    "dependencies": {
      "@google-cloud/local-auth": "^2.1.0",
      "framer-motion": "^11.0.8",
      "googleapis": "^105.0.0",
      "lucide-react": "^0.344.0",
      "react": "^18.3.1",
      "react-dom": "^18.3.1",
      "react-helmet": "^6.1.0",
      "react-intersection-observer": "^9.8.1",
      "react-router-dom": "^6.22.3",
      "swiper": "^11.0.7"
    },
    "devDependencies": {
      "@eslint/js": "^9.9.1",
      "@types/react": "^18.3.5",
      "@types/react-dom": "^18.3.0",
      "@vitejs/plugin-react": "^4.3.1",
      "autoprefixer": "^10.4.18",
      "eslint": "^9.9.1",
      "eslint-plugin-react-hooks": "^5.1.0-rc.0",
      "eslint-plugin-react-refresh": "^0.4.11",
      "globals": "^15.9.0",
      "postcss": "^8.4.35",
      "tailwindcss": "^3.4.1",
      "typescript": "^5.5.3",
      "typescript-eslint": "^8.3.0",
      "vite": "^5.4.2"
    }
  }

yarn manifest: 
  No manifest

Lockfile: 
  No lockfile
